<?xml version="1.0" encoding="UTF-8"?>
<!-- Generated by org.testng.reporters.JUnitReportReporter -->
<testsuite hostname="EPINHYDW1144" name="com.epam.scenarios.NewBusiness" tests="2" failures="0" timestamp="8 Feb 2017 06:24:08 GMT" time="36.579" errors="1">
  <testcase name="loginToMBGroup" time="23.230" classname="com.epam.scenarios.NewBusiness"/>
  <testcase name="ApplicationPage" time="13.349" classname="com.epam.scenarios.NewBusiness">
    <error type="com.epam.Utils.FrameworkExceptions" message="Unable to Find the Element with Locator Value   //div[contains(text(),&#039;Applicant&#039;)]&#039;With in the Time 10">
      <![CDATA[com.epam.Utils.FrameworkExceptions: Unable to Find the Element with Locator Value   //div[contains(text(),'Applicant')]'With in the Time 10
	at com.epam.Reports.Reporter.ReportFailStep(Reporter.java:121)
	at com.epam.Utils.CommonFunctions.WaitForObjectExistance(CommonFunctions.java:67)
	at com.epam.scenarios.NewBusiness.ApplicationPage(NewBusiness.java:84)
	at sun.reflect.NativeMethodAccessorImpl.invoke0(Native Method)
	at sun.reflect.NativeMethodAccessorImpl.invoke(NativeMethodAccessorImpl.java:62)
	at sun.reflect.DelegatingMethodAccessorImpl.invoke(DelegatingMethodAccessorImpl.java:43)
	at java.lang.reflect.Method.invoke(Method.java:498)
	at org.testng.internal.MethodInvocationHelper.invokeMethod(MethodInvocationHelper.java:85)
	at org.testng.internal.Invoker.invokeMethod(Invoker.java:639)
	at org.testng.internal.Invoker.invokeTestMethod(Invoker.java:816)
	at org.testng.internal.Invoker.invokeTestMethods(Invoker.java:1124)
	at org.testng.internal.TestMethodWorker.invokeTestMethods(TestMethodWorker.java:125)
	at org.testng.internal.TestMethodWorker.run(TestMethodWorker.java:108)
	at org.testng.TestRunner.privateRun(TestRunner.java:774)
	at org.testng.TestRunner.run(TestRunner.java:624)
	at org.testng.SuiteRunner.runTest(SuiteRunner.java:359)
	at org.testng.SuiteRunner.runSequentially(SuiteRunner.java:354)
	at org.testng.SuiteRunner.privateRun(SuiteRunner.java:312)
	at org.testng.SuiteRunner.run(SuiteRunner.java:261)
	at org.testng.SuiteRunnerWorker.runSuite(SuiteRunnerWorker.java:52)
	at org.testng.SuiteRunnerWorker.run(SuiteRunnerWorker.java:86)
	at org.testng.TestNG.runSuitesSequentially(TestNG.java:1215)
	at org.testng.TestNG.runSuitesLocally(TestNG.java:1140)
	at org.testng.TestNG.run(TestNG.java:1048)
	at com.epam.driver.CoreDriverScript.executeTestCases(CoreDriverScript.java:102)
	at com.epam.driver.CoreDriverScript.main(CoreDriverScript.java:138)
	at sun.reflect.NativeMethodAccessorImpl.invoke0(Native Method)
	at sun.reflect.NativeMethodAccessorImpl.invoke(NativeMethodAccessorImpl.java:62)
	at sun.reflect.DelegatingMethodAccessorImpl.invoke(DelegatingMethodAccessorImpl.java:43)
	at java.lang.reflect.Method.invoke(Method.java:498)
	at com.intellij.rt.execution.application.AppMain.main(AppMain.java:147)
]]>
    </error>
  </testcase> <!-- ApplicationPage -->
</testsuite> <!-- com.epam.scenarios.NewBusiness -->
